2019-06-22 14:23:19 [main] INFO  core.elements.rover.RoverImpl  - everybody, buckle up please! Rover = 12 on the move.
2019-06-22 14:24:02 [main] INFO  core.elements.rover.RoverImpl  - everybody, buckle up please! Rover = 12 on the move.
2019-06-22 14:43:20 [main] INFO  core.elements.rover.RoverImpl  - everybody, buckle up please! Rover = 12 on the move.
2019-06-22 14:43:20 [Rover = 12] INFO  core.elements.rover.RoverImpl  - Visited {X : 0 Y : 0 }by Rover = 12
2019-06-22 14:44:02 [main] INFO  core.elements.rover.RoverImpl  - everybody, buckle up please! Rover = 12 on the move.
2019-06-22 14:44:02 [Rover = 12] INFO  core.elements.rover.RoverImpl  - Visited {X : 0 Y : 0 }by Rover = 12
2019-06-22 14:44:18 [main] INFO  core.elements.rover.RoverImpl  - everybody, buckle up please! Rover = 12 on the move.
2019-06-22 14:44:18 [main] INFO  core.elements.rover.RoverImpl  - everybody, buckle up please! Rover = 12 on the move.
2019-06-22 14:44:37 [main] INFO  core.elements.rover.RoverImpl  - everybody, buckle up please! Rover = 12 on the move.
2019-06-22 14:44:37 [main] INFO  core.elements.rover.RoverImpl  - everybody, buckle up please! Rover = 12 on the move.
2019-06-22 14:47:13 [main] INFO  core.elements.rover.RoverImpl  - everybody, buckle up please! Rover = 12 on the move.
2019-06-22 14:47:13 [Rover = 12] INFO  core.elements.rover.RoverImpl  - Visited {X : 0 Y : 0 }by Rover = 12
2019-06-22 14:48:46 [main] INFO  core.elements.rover.RoverImpl  - everybody, buckle up please! Rover = 12 on the move.
2019-06-22 14:48:56 [main] INFO  core.elements.rover.RoverImpl  - everybody, buckle up please! Rover = 12 on the move.
2019-06-22 14:49:09 [main] INFO  core.elements.rover.RoverImpl  - everybody, buckle up please! Rover = 12 on the move.
2019-06-22 14:49:38 [main] INFO  core.elements.rover.RoverImpl  - everybody, buckle up please! Rover = 12 on the move.
2019-06-22 14:51:28 [main] INFO  core.elements.rover.RoverImpl  - everybody, buckle up please! Rover = 12 on the move.
2019-06-22 14:52:20 [main] INFO  core.elements.rover.RoverImpl  - everybody, buckle up please! Rover = 12 on the move.
2019-06-22 14:52:20 [Rover = 12] INFO  core.elements.rover.RoverImpl  - Visited {X : 0 Y : 0 }by Rover = 12
2019-06-22 14:54:33 [main] INFO  core.elements.rover.RoverImpl  - everybody, buckle up please! Rover = 12 on the move.
2019-06-22 14:56:09 [main] INFO  core.elements.rover.RoverImpl  - everybody, buckle up please! Rover = 12 on the move.
2019-06-22 14:56:48 [main] INFO  core.elements.rover.RoverImpl  - everybody, buckle up please! Rover = 12 on the move.
2019-06-22 14:57:58 [main] INFO  core.elements.rover.RoverImpl  - everybody, buckle up please! Rover = 12 on the move.
2019-06-22 14:59:10 [main] INFO  core.elements.rover.RoverImpl  - Visited {X : 0 Y : 0 }by Rover = 12
2019-06-22 14:59:10 [main] INFO  core.elements.rover.RoverImpl  - everybody, buckle up please! Rover = 12 on the move.
2019-06-22 14:59:10 [Rover = 12] INFO  core.elements.rover.RoverImpl  - Visited {X : 0 Y : 0 }by Rover = 12
2019-06-22 15:03:44 [main] INFO  core.elements.rover.RoverImpl  - Visited {X : 0 Y : 0 }by Rover = 12
2019-06-22 15:03:44 [main] INFO  core.elements.rover.RoverImpl  - everybody, buckle up please! Rover = 12 on the move.
2019-06-22 15:03:44 [Rover = 12] INFO  core.elements.rover.RoverImpl  - Visited {X : 0 Y : 0 }by Rover = 12
2019-06-22 15:04:14 [main] INFO  core.elements.rover.RoverImpl  - Visited {X : 0 Y : 0 }by Rover = 12
2019-06-22 15:04:14 [main] INFO  core.elements.rover.RoverImpl  - Visited {X : 0 Y : 0 }by Rover = 12
2019-06-22 15:04:14 [main] WARN  core.elements.rover.RoverImpl  - Rover = 12 stopping itself because null
core.exception.NoCoordinateFoundException
2019-06-22 15:04:14 [main] WARN  core.elements.rover.RoverImpl  - can not stop a rover which is not activated!
2019-06-22 15:04:14 [main] INFO  core.elements.rover.RoverImpl  - everybody, buckle up please! Rover = 12 on the move.
2019-06-22 15:04:14 [Rover = 12] INFO  core.elements.rover.RoverImpl  - Visited {X : 0 Y : 0 }by Rover = 12
2019-06-22 15:06:11 [main] INFO  core.elements.rover.RoverImpl  - Visited {X : 0 Y : 0 }by Rover = 12
2019-06-22 15:06:12 [main] INFO  core.elements.rover.RoverImpl  - Visited {X : 0 Y : 0 }by Rover = 12
2019-06-22 15:06:12 [main] WARN  core.elements.rover.RoverImpl  - Rover = 12 stopping itself because null
core.exception.NoCoordinateFoundException
2019-06-22 15:06:12 [main] WARN  core.elements.rover.RoverImpl  - can not stop a rover which is not activated!
2019-06-22 15:06:12 [main] INFO  core.elements.rover.RoverImpl  - everybody, buckle up please! Rover = 12 on the move.
2019-06-22 15:06:12 [main] WARN  core.elements.rover.RoverImpl  - can not stop a rover which is not activated!
2019-06-22 15:06:12 [Rover = 12] INFO  core.elements.rover.RoverImpl  - Visited {X : 0 Y : 0 }by Rover = 12
2019-06-22 15:07:15 [main] INFO  core.elements.rover.RoverImpl  - Visited {X : 0 Y : 0 }by Rover = 12
2019-06-22 15:07:15 [main] INFO  core.elements.rover.RoverImpl  - Visited {X : 0 Y : 0 }by Rover = 12
2019-06-22 15:07:15 [main] WARN  core.elements.rover.RoverImpl  - Rover = 12 stopping itself because null
core.exception.NoCoordinateFoundException
2019-06-22 15:07:15 [main] WARN  core.elements.rover.RoverImpl  - can not stop a rover which is not activated!
2019-06-22 15:07:15 [main] INFO  core.elements.rover.RoverImpl  - everybody, buckle up please! Rover = 12 on the move.
2019-06-22 15:07:15 [Rover = 12] INFO  core.elements.rover.RoverImpl  - Visited {X : 0 Y : 0 }by Rover = 12
2019-06-22 15:07:15 [main] INFO  core.elements.rover.RoverImpl  - everybody, buckle up please! Rover = 12 on the move.
2019-06-22 15:07:15 [main] INFO  core.elements.rover.RoverImpl  - Pulling Aside!
2019-06-22 15:07:15 [Rover = 12] INFO  core.elements.rover.RoverImpl  - Visited {X : 0 Y : 0 }by Rover = 12
2019-06-22 15:10:55 [main] INFO  core.elements.rover.RoverImpl  - Visited {X : 0 Y : 0 }by Rover = 12
2019-06-22 15:10:55 [main] INFO  core.elements.rover.RoverImpl  - Visited {X : 0 Y : 0 }by Rover = 12
2019-06-22 15:10:55 [main] WARN  core.elements.rover.RoverImpl  - Rover = 12 stopping itself because null
core.exception.NoCoordinateFoundException
2019-06-22 15:10:55 [main] WARN  core.elements.rover.RoverImpl  - can not stop a rover which is not activated!
2019-06-22 15:10:55 [main] INFO  core.elements.rover.RoverImpl  - everybody, buckle up please! Rover = 12 on the move.
2019-06-22 15:10:55 [Rover = 12] INFO  core.elements.rover.RoverImpl  - Visited {X : 0 Y : 0 }by Rover = 12
2019-06-22 15:10:55 [main] INFO  core.elements.rover.RoverImpl  - everybody, buckle up please! Rover = 12 on the move.
2019-06-22 15:10:55 [main] INFO  core.elements.rover.RoverImpl  - Pulling Aside!
2019-06-22 15:11:29 [main] INFO  core.elements.rover.RoverImpl  - Visited {X : 0 Y : 0 }by Rover = 12
2019-06-22 15:11:29 [main] INFO  core.elements.rover.RoverImpl  - Visited {X : 0 Y : 0 }by Rover = 12
2019-06-22 15:11:29 [main] WARN  core.elements.rover.RoverImpl  - Rover = 12 stopping itself because null
core.exception.NoCoordinateFoundException
2019-06-22 15:11:29 [main] WARN  core.elements.rover.RoverImpl  - can not stop a rover which is not activated!
2019-06-22 15:11:29 [main] INFO  core.elements.rover.RoverImpl  - everybody, buckle up please! Rover = 12 on the move.
2019-06-22 15:11:29 [main] INFO  core.elements.rover.RoverImpl  - everybody, buckle up please! Rover = 12 on the move.
2019-06-22 15:11:29 [main] INFO  core.elements.rover.RoverImpl  - Pulling Aside!
2019-06-22 15:11:29 [Rover = 12] INFO  core.elements.rover.RoverImpl  - Visited {X : 0 Y : 0 }by Rover = 12
2019-06-22 15:13:07 [main] INFO  core.elements.rover.RoverImpl  - Visited {X : 0 Y : 0 }by Rover = 12
2019-06-22 15:13:07 [main] INFO  core.elements.rover.RoverImpl  - Visited {X : 0 Y : 0 }by Rover = 12
2019-06-22 15:13:07 [main] WARN  core.elements.rover.RoverImpl  - Rover = 12 stopping itself because null
core.exception.NoCoordinateFoundException
2019-06-22 15:13:07 [main] WARN  core.elements.rover.RoverImpl  - can not stop a rover which is not activated!
2019-06-22 15:13:07 [main] INFO  core.elements.rover.RoverImpl  - everybody, buckle up please! Rover = 12 on the move.
2019-06-22 15:13:07 [main] INFO  core.elements.rover.RoverImpl  - everybody, buckle up please! Rover = 12 on the move.
2019-06-22 15:13:07 [main] INFO  core.elements.rover.RoverImpl  - Pulling Aside!
2019-06-22 15:13:07 [Rover = 12] INFO  core.elements.rover.RoverImpl  - Visited {X : 0 Y : 0 }by Rover = 12
