2019-06-21 09:54:25 [main] INFO  core.elements.rover.RoverImpl  - everybody, buckle up please! Rover = 1 on the move.
2019-06-21 09:54:25 [main] INFO  core.elements.rover.RoverImpl  - everybody, buckle up please! Rover = 2 on the move.
2019-06-21 09:54:25 [Rover = 2] INFO  core.elements.rover.RoverImpl  - Visited {X : 0 Y : 1 }by Rover = 2
2019-06-21 09:54:25 [Rover = 1] INFO  core.elements.rover.RoverImpl  - Visited {X : 0 Y : 0 }by Rover = 1
2019-06-21 09:54:26 [Rover = 2] INFO  core.elements.rover.RoverImpl  - Visited {X : 1 Y : 1 }by Rover = 2
2019-06-21 09:54:26 [Rover = 1] INFO  core.elements.rover.RoverImpl  - Visited {X : 1 Y : 0 }by Rover = 1
2019-06-21 09:54:27 [Rover = 2] INFO  core.elements.rover.RoverImpl  - Visited {X : 2 Y : 1 }by Rover = 2
2019-06-21 09:54:27 [Rover = 1] INFO  core.elements.rover.RoverImpl  - Visited {X : 2 Y : 0 }by Rover = 1
2019-06-21 09:54:28 [Rover = 2] INFO  core.elements.rover.RoverImpl  - Visited {X : 3 Y : 1 }by Rover = 2
2019-06-21 09:54:28 [Rover = 1] INFO  core.elements.rover.RoverImpl  - Visited {X : 3 Y : 0 }by Rover = 1
2019-06-21 09:54:29 [Rover = 2] INFO  core.elements.rover.RoverImpl  - Visited {X : 4 Y : 1 }by Rover = 2
2019-06-21 09:54:29 [Rover = 1] INFO  core.elements.rover.RoverImpl  - Visited {X : 4 Y : 0 }by Rover = 1
2019-06-21 09:54:29 [Rover = 1] WARN  core.elements.rover.RoverImpl  - Rover = 1 stopping itself because Not a valid coordinate for next move {X : 4 Y : 0 }
2019-06-21 09:54:29 [Rover = 1] INFO  core.elements.rover.RoverImpl  - Pulling Aside!
2019-06-21 09:54:30 [Rover = 2] INFO  core.elements.rover.RoverImpl  - Visited {X : 4 Y : 2 }by Rover = 2
2019-06-21 09:54:31 [Rover = 2] INFO  core.elements.rover.RoverImpl  - Visited {X : 3 Y : 2 }by Rover = 2
2019-06-21 09:54:32 [Rover = 2] INFO  core.elements.rover.RoverImpl  - Visited {X : 2 Y : 2 }by Rover = 2
2019-06-21 09:54:33 [Rover = 2] INFO  core.elements.rover.RoverImpl  - Visited {X : 1 Y : 2 }by Rover = 2
2019-06-21 09:54:34 [Rover = 2] INFO  core.elements.rover.RoverImpl  - Visited {X : 0 Y : 2 }by Rover = 2
2019-06-21 09:54:35 [Rover = 2] INFO  core.elements.rover.RoverImpl  - Visited {X : 0 Y : 3 }by Rover = 2
2019-06-21 09:54:36 [Rover = 2] INFO  core.elements.rover.RoverImpl  - Visited {X : 1 Y : 3 }by Rover = 2
2019-06-21 09:54:37 [Rover = 2] INFO  core.elements.rover.RoverImpl  - Visited {X : 2 Y : 3 }by Rover = 2
2019-06-21 09:54:38 [Rover = 2] INFO  core.elements.rover.RoverImpl  - Visited {X : 3 Y : 3 }by Rover = 2
2019-06-21 09:54:39 [Rover = 2] INFO  core.elements.rover.RoverImpl  - Visited {X : 4 Y : 3 }by Rover = 2
2019-06-21 09:54:39 [Rover = 2] WARN  core.elements.rover.RoverImpl  - Rover = 2 stopping itself because Not a valid coordinate for next move {X : 4 Y : 3 }
2019-06-21 09:54:39 [Rover = 2] INFO  core.elements.rover.RoverImpl  - Pulling Aside!
2019-06-21 10:02:29 [main] INFO  core.elements.rover.RoverImpl  - everybody, buckle up please! Rover = 1 on the move.
2019-06-21 10:02:29 [main] INFO  core.elements.rover.RoverImpl  - everybody, buckle up please! Rover = 2 on the move.
2019-06-21 10:02:29 [Rover = 1] INFO  core.elements.rover.RoverImpl  - Visited {X : 0 Y : 0 }by Rover = 1
2019-06-21 10:02:29 [Rover = 2] INFO  core.elements.rover.RoverImpl  - Visited {X : 0 Y : 1 }by Rover = 2
2019-06-21 10:02:30 [Rover = 2] INFO  core.elements.rover.RoverImpl  - Visited {X : 1 Y : 1 }by Rover = 2
2019-06-21 10:02:30 [Rover = 1] INFO  core.elements.rover.RoverImpl  - Visited {X : 1 Y : 0 }by Rover = 1
2019-06-21 10:02:31 [Rover = 2] INFO  core.elements.rover.RoverImpl  - Visited {X : 2 Y : 1 }by Rover = 2
2019-06-21 10:02:31 [Rover = 1] INFO  core.elements.rover.RoverImpl  - Visited {X : 2 Y : 0 }by Rover = 1
2019-06-21 10:02:32 [Rover = 2] INFO  core.elements.rover.RoverImpl  - Visited {X : 3 Y : 1 }by Rover = 2
2019-06-21 10:02:32 [Rover = 1] INFO  core.elements.rover.RoverImpl  - Visited {X : 3 Y : 0 }by Rover = 1
2019-06-21 10:02:33 [Rover = 2] INFO  core.elements.rover.RoverImpl  - Visited {X : 4 Y : 1 }by Rover = 2
2019-06-21 10:02:33 [Rover = 1] INFO  core.elements.rover.RoverImpl  - Visited {X : 4 Y : 0 }by Rover = 1
2019-06-21 10:02:33 [Rover = 1] WARN  core.elements.rover.RoverImpl  - Rover = 1 stopping itself because Not a valid coordinate for next move {X : 4 Y : 0 }
core.exception.NoCoordinateFoundException: Not a valid coordinate for next move {X : 4 Y : 0 }
	at manager.CLIGameManager.nextMove(CLIGameManager.java:208)
	at core.elements.rover.RoverImpl.move(RoverImpl.java:70)
	at core.elements.rover.RoverImpl.run(RoverImpl.java:130)
	at java.base/java.lang.Thread.run(Thread.java:834)
2019-06-21 10:02:33 [Rover = 1] INFO  core.elements.rover.RoverImpl  - Pulling Aside!
2019-06-21 10:02:34 [Rover = 2] INFO  core.elements.rover.RoverImpl  - Visited {X : 4 Y : 2 }by Rover = 2
2019-06-21 10:02:35 [Rover = 2] INFO  core.elements.rover.RoverImpl  - Visited {X : 3 Y : 2 }by Rover = 2
2019-06-21 10:02:36 [Rover = 2] INFO  core.elements.rover.RoverImpl  - Visited {X : 2 Y : 2 }by Rover = 2
2019-06-21 10:02:37 [Rover = 2] INFO  core.elements.rover.RoverImpl  - Visited {X : 1 Y : 2 }by Rover = 2
2019-06-21 10:02:38 [Rover = 2] INFO  core.elements.rover.RoverImpl  - Visited {X : 0 Y : 2 }by Rover = 2
2019-06-21 10:02:39 [Rover = 2] INFO  core.elements.rover.RoverImpl  - Visited {X : 0 Y : 3 }by Rover = 2
2019-06-21 10:02:40 [Rover = 2] INFO  core.elements.rover.RoverImpl  - Visited {X : 1 Y : 3 }by Rover = 2
2019-06-21 10:02:41 [Rover = 2] INFO  core.elements.rover.RoverImpl  - Visited {X : 2 Y : 3 }by Rover = 2
2019-06-21 10:02:42 [Rover = 2] INFO  core.elements.rover.RoverImpl  - Visited {X : 3 Y : 3 }by Rover = 2
2019-06-21 10:02:43 [Rover = 2] INFO  core.elements.rover.RoverImpl  - Visited {X : 4 Y : 3 }by Rover = 2
2019-06-21 10:02:43 [Rover = 2] WARN  core.elements.rover.RoverImpl  - Rover = 2 stopping itself because Not a valid coordinate for next move {X : 4 Y : 3 }
core.exception.NoCoordinateFoundException: Not a valid coordinate for next move {X : 4 Y : 3 }
	at manager.CLIGameManager.nextMove(CLIGameManager.java:208)
	at core.elements.rover.RoverImpl.move(RoverImpl.java:70)
	at core.elements.rover.RoverImpl.run(RoverImpl.java:130)
	at java.base/java.lang.Thread.run(Thread.java:834)
2019-06-21 10:02:43 [Rover = 2] INFO  core.elements.rover.RoverImpl  - Pulling Aside!
2019-06-21 10:05:26 [main] WARN  manager.CLIGameManager  - createGame to Rnadom Rovers upto roverCount is not implemented.
jdk.jshell.spi.ExecutionControl$NotImplementedException: createGame to Rnadom Rovers upto roverCount is not implemented.
	at manager.CLIGameManager.createGame(CLIGameManager.java:42)
	at AppRun.main(AppRun.java:24)
2019-06-21 10:07:05 [main] WARN  manager.CLIGameManager  - createGame to Random Rovers upto roverCount is not implemented.
jdk.jshell.spi.ExecutionControl$NotImplementedException: createGame to Random Rovers upto roverCount is not implemented.
	at manager.CLIGameManager.createGame(CLIGameManager.java:42)
	at AppRun.main(AppRun.java:24)
2019-06-21 10:07:05 [main] INFO  core.elements.rover.RoverImpl  - everybody, buckle up please! Rover = 1 on the move.
2019-06-21 10:07:05 [main] INFO  core.elements.rover.RoverImpl  - everybody, buckle up please! Rover = 2 on the move.
2019-06-21 10:07:05 [Rover = 2] INFO  core.elements.rover.RoverImpl  - Visited {X : 0 Y : 1 }by Rover = 2
2019-06-21 10:07:05 [Rover = 1] INFO  core.elements.rover.RoverImpl  - Visited {X : 0 Y : 0 }by Rover = 1
2019-06-21 10:07:06 [Rover = 2] INFO  core.elements.rover.RoverImpl  - Visited {X : 1 Y : 1 }by Rover = 2
2019-06-21 10:07:06 [Rover = 1] INFO  core.elements.rover.RoverImpl  - Visited {X : 1 Y : 0 }by Rover = 1
2019-06-21 10:07:07 [Rover = 2] INFO  core.elements.rover.RoverImpl  - Visited {X : 2 Y : 1 }by Rover = 2
2019-06-21 10:07:07 [Rover = 1] INFO  core.elements.rover.RoverImpl  - Visited {X : 2 Y : 0 }by Rover = 1
2019-06-21 10:07:08 [Rover = 2] INFO  core.elements.rover.RoverImpl  - Visited {X : 3 Y : 1 }by Rover = 2
2019-06-21 10:07:08 [Rover = 1] INFO  core.elements.rover.RoverImpl  - Visited {X : 3 Y : 0 }by Rover = 1
2019-06-21 10:07:09 [Rover = 2] INFO  core.elements.rover.RoverImpl  - Visited {X : 4 Y : 1 }by Rover = 2
2019-06-21 10:07:09 [Rover = 1] INFO  core.elements.rover.RoverImpl  - Visited {X : 4 Y : 0 }by Rover = 1
2019-06-21 10:07:09 [Rover = 1] WARN  core.elements.rover.RoverImpl  - Rover = 1 stopping itself because Not a valid coordinate for next move {X : 4 Y : 0 }
core.exception.NoCoordinateFoundException: Not a valid coordinate for next move {X : 4 Y : 0 }
	at manager.CLIGameManager.nextMove(CLIGameManager.java:208)
	at core.elements.rover.RoverImpl.move(RoverImpl.java:70)
	at core.elements.rover.RoverImpl.run(RoverImpl.java:130)
	at java.base/java.lang.Thread.run(Thread.java:834)
2019-06-21 10:07:09 [Rover = 1] INFO  core.elements.rover.RoverImpl  - Pulling Aside!
2019-06-21 10:07:10 [Rover = 2] INFO  core.elements.rover.RoverImpl  - Visited {X : 4 Y : 2 }by Rover = 2
2019-06-21 10:07:11 [Rover = 2] INFO  core.elements.rover.RoverImpl  - Visited {X : 3 Y : 2 }by Rover = 2
2019-06-21 10:07:12 [Rover = 2] INFO  core.elements.rover.RoverImpl  - Visited {X : 2 Y : 2 }by Rover = 2
2019-06-21 10:07:13 [Rover = 2] INFO  core.elements.rover.RoverImpl  - Visited {X : 1 Y : 2 }by Rover = 2
2019-06-21 10:07:14 [Rover = 2] INFO  core.elements.rover.RoverImpl  - Visited {X : 0 Y : 2 }by Rover = 2
2019-06-21 10:07:15 [Rover = 2] INFO  core.elements.rover.RoverImpl  - Visited {X : 0 Y : 3 }by Rover = 2
2019-06-21 10:07:16 [Rover = 2] INFO  core.elements.rover.RoverImpl  - Visited {X : 1 Y : 3 }by Rover = 2
2019-06-21 10:07:17 [Rover = 2] INFO  core.elements.rover.RoverImpl  - Visited {X : 2 Y : 3 }by Rover = 2
2019-06-21 10:07:18 [Rover = 2] INFO  core.elements.rover.RoverImpl  - Visited {X : 3 Y : 3 }by Rover = 2
2019-06-21 10:07:19 [Rover = 2] INFO  core.elements.rover.RoverImpl  - Visited {X : 4 Y : 3 }by Rover = 2
2019-06-21 10:07:19 [Rover = 2] WARN  core.elements.rover.RoverImpl  - Rover = 2 stopping itself because Not a valid coordinate for next move {X : 4 Y : 3 }
core.exception.NoCoordinateFoundException: Not a valid coordinate for next move {X : 4 Y : 3 }
	at manager.CLIGameManager.nextMove(CLIGameManager.java:208)
	at core.elements.rover.RoverImpl.move(RoverImpl.java:70)
	at core.elements.rover.RoverImpl.run(RoverImpl.java:130)
	at java.base/java.lang.Thread.run(Thread.java:834)
2019-06-21 10:07:19 [Rover = 2] INFO  core.elements.rover.RoverImpl  - Pulling Aside!
2019-06-21 10:07:40 [main] WARN  manager.CLIGameManager  - createGame to Random Rovers upto roverCount is not implemented.
jdk.jshell.spi.ExecutionControl$NotImplementedException: createGame to Random Rovers upto roverCount is not implemented.
	at manager.CLIGameManager.createGame(CLIGameManager.java:42)
	at AppRun.main(AppRun.java:24)
2019-06-21 10:07:40 [main] INFO  core.elements.rover.RoverImpl  - everybody, buckle up please! Rover = 1 on the move.
2019-06-21 10:07:40 [main] INFO  core.elements.rover.RoverImpl  - everybody, buckle up please! Rover = 2 on the move.
2019-06-21 10:07:40 [Rover = 1] INFO  core.elements.rover.RoverImpl  - Visited {X : 0 Y : 0 }by Rover = 1
2019-06-21 10:07:40 [Rover = 2] INFO  core.elements.rover.RoverImpl  - Visited {X : 0 Y : 1 }by Rover = 2
2019-06-21 10:07:41 [Rover = 2] INFO  core.elements.rover.RoverImpl  - Visited {X : 1 Y : 1 }by Rover = 2
2019-06-21 10:07:41 [Rover = 1] INFO  core.elements.rover.RoverImpl  - Visited {X : 1 Y : 0 }by Rover = 1
2019-06-21 10:07:42 [Rover = 2] INFO  core.elements.rover.RoverImpl  - Visited {X : 2 Y : 1 }by Rover = 2
2019-06-21 10:07:42 [Rover = 1] INFO  core.elements.rover.RoverImpl  - Visited {X : 2 Y : 0 }by Rover = 1
2019-06-21 10:07:43 [Rover = 1] INFO  core.elements.rover.RoverImpl  - Visited {X : 3 Y : 0 }by Rover = 1
2019-06-21 10:07:43 [Rover = 2] INFO  core.elements.rover.RoverImpl  - Visited {X : 3 Y : 1 }by Rover = 2
2019-06-21 10:07:44 [Rover = 1] INFO  core.elements.rover.RoverImpl  - Visited {X : 4 Y : 0 }by Rover = 1
2019-06-21 10:07:44 [Rover = 2] INFO  core.elements.rover.RoverImpl  - Visited {X : 4 Y : 1 }by Rover = 2
2019-06-21 10:07:44 [Rover = 1] WARN  core.elements.rover.RoverImpl  - Rover = 1 stopping itself because Not a valid coordinate for next move {X : 4 Y : 0 }
core.exception.NoCoordinateFoundException: Not a valid coordinate for next move {X : 4 Y : 0 }
	at manager.CLIGameManager.nextMove(CLIGameManager.java:208)
	at core.elements.rover.RoverImpl.move(RoverImpl.java:70)
	at core.elements.rover.RoverImpl.run(RoverImpl.java:130)
	at java.base/java.lang.Thread.run(Thread.java:834)
2019-06-21 10:07:44 [Rover = 1] INFO  core.elements.rover.RoverImpl  - Pulling Aside!
2019-06-21 10:07:45 [Rover = 2] INFO  core.elements.rover.RoverImpl  - Visited {X : 4 Y : 2 }by Rover = 2
2019-06-21 10:07:46 [Rover = 2] INFO  core.elements.rover.RoverImpl  - Visited {X : 3 Y : 2 }by Rover = 2
2019-06-21 10:07:47 [Rover = 2] INFO  core.elements.rover.RoverImpl  - Visited {X : 2 Y : 2 }by Rover = 2
2019-06-21 10:07:48 [Rover = 2] INFO  core.elements.rover.RoverImpl  - Visited {X : 1 Y : 2 }by Rover = 2
2019-06-21 10:07:49 [Rover = 2] INFO  core.elements.rover.RoverImpl  - Visited {X : 0 Y : 2 }by Rover = 2
2019-06-21 10:07:50 [Rover = 2] INFO  core.elements.rover.RoverImpl  - Visited {X : 0 Y : 3 }by Rover = 2
2019-06-21 10:07:51 [Rover = 2] INFO  core.elements.rover.RoverImpl  - Visited {X : 1 Y : 3 }by Rover = 2
2019-06-21 10:07:52 [Rover = 2] INFO  core.elements.rover.RoverImpl  - Visited {X : 2 Y : 3 }by Rover = 2
2019-06-21 10:07:53 [Rover = 2] INFO  core.elements.rover.RoverImpl  - Visited {X : 3 Y : 3 }by Rover = 2
2019-06-21 10:07:54 [Rover = 2] INFO  core.elements.rover.RoverImpl  - Visited {X : 4 Y : 3 }by Rover = 2
2019-06-21 10:07:54 [Rover = 2] WARN  core.elements.rover.RoverImpl  - Rover = 2 stopping itself because Not a valid coordinate for next move {X : 4 Y : 3 }
core.exception.NoCoordinateFoundException: Not a valid coordinate for next move {X : 4 Y : 3 }
	at manager.CLIGameManager.nextMove(CLIGameManager.java:208)
	at core.elements.rover.RoverImpl.move(RoverImpl.java:70)
	at core.elements.rover.RoverImpl.run(RoverImpl.java:130)
	at java.base/java.lang.Thread.run(Thread.java:834)
2019-06-21 10:07:54 [Rover = 2] INFO  core.elements.rover.RoverImpl  - Pulling Aside!
